2024-03-08 20:50:00.289 [info] Log level: Info
2024-03-08 20:50:00.289 [info] Validating found git in: "git"
2024-03-08 20:50:00.289 [info] Using git "2.44.0" from "git"
2024-03-08 20:50:00.289 [info] > git rev-parse --show-toplevel [2ms]
2024-03-08 20:50:00.289 [info] > git rev-parse --path-format=relative --show-toplevel [3ms]
2024-03-08 20:50:00.315 [info] > git rev-parse --show-toplevel [1ms]
2024-03-08 20:50:00.321 [info] > git rev-parse --path-format=relative --show-toplevel [0ms]
2024-03-08 20:50:33.632 [info] > git rev-parse --show-toplevel [5ms]
2024-03-08 20:50:33.642 [info] > git rev-parse --path-format=relative --show-toplevel [6ms]
2024-03-08 20:51:12.768 [info] > git rev-parse --show-toplevel [1ms]
2024-03-08 20:51:12.772 [info] > git rev-parse --path-format=relative --show-toplevel [0ms]
2024-03-08 20:51:43.242 [info] > git rev-parse --show-toplevel [1ms]
2024-03-08 20:51:43.248 [info] > git rev-parse --path-format=relative --show-toplevel [1ms]
2024-03-08 20:51:43.269 [info] > git rev-parse --show-toplevel [1ms]
2024-03-08 20:51:43.273 [info] > git rev-parse --path-format=relative --show-toplevel [1ms]
2024-03-08 20:51:54.834 [info] > git rev-parse --show-toplevel [1ms]
2024-03-08 20:51:54.839 [info] > git rev-parse --path-format=relative --show-toplevel [1ms]
2024-03-08 20:52:41.156 [info] > git rev-parse --show-toplevel [1ms]
2024-03-08 20:52:41.163 [info] > git rev-parse --path-format=relative --show-toplevel [2ms]
2024-03-08 20:52:51.891 [info] > git rev-parse --show-toplevel [0ms]
2024-03-08 20:52:51.896 [info] > git rev-parse --path-format=relative --show-toplevel [1ms]
2024-03-08 20:52:51.976 [info] > git rev-parse --show-toplevel [1ms]
2024-03-08 20:52:51.980 [info] > git rev-parse --path-format=relative --show-toplevel [1ms]
2024-03-08 20:52:57.350 [info] > git rev-parse --show-toplevel [1ms]
2024-03-08 20:52:57.354 [info] > git rev-parse --path-format=relative --show-toplevel [0ms]
2024-03-08 20:53:10.780 [info] > git rev-parse --show-toplevel [1ms]
2024-03-08 20:53:10.785 [info] > git rev-parse --path-format=relative --show-toplevel [1ms]
2024-03-08 20:53:10.802 [info] > git rev-parse --show-toplevel [0ms]
2024-03-08 20:53:10.807 [info] > git rev-parse --path-format=relative --show-toplevel [1ms]
2024-03-08 20:53:27.350 [info] > git rev-parse --show-toplevel [1ms]
2024-03-08 20:53:27.354 [info] > git rev-parse --path-format=relative --show-toplevel [0ms]
2024-03-08 20:53:29.887 [info] > git rev-parse --show-toplevel [1ms]
2024-03-08 20:53:29.893 [info] > git rev-parse --path-format=relative --show-toplevel [1ms]
2024-03-08 20:53:33.636 [info] > git rev-parse --show-toplevel [0ms]
2024-03-08 20:53:33.641 [info] > git rev-parse --path-format=relative --show-toplevel [0ms]
2024-03-08 20:54:38.187 [info] > git rev-parse --show-toplevel [1ms]
2024-03-08 20:54:38.192 [info] > git rev-parse --path-format=relative --show-toplevel [1ms]
2024-03-08 20:54:42.856 [info] > git rev-parse --show-toplevel [1ms]
2024-03-08 20:54:42.860 [info] > git rev-parse --path-format=relative --show-toplevel [0ms]
2024-03-08 20:55:05.652 [info] > git rev-parse --show-toplevel [1ms]
2024-03-08 20:55:05.656 [info] > git rev-parse --path-format=relative --show-toplevel [1ms]
2024-03-08 20:56:54.045 [info] > git rev-parse --show-toplevel [1ms]
2024-03-08 20:56:54.050 [info] > git rev-parse --path-format=relative --show-toplevel [0ms]
2024-03-08 20:57:31.866 [info] > git rev-parse --show-toplevel [1ms]
2024-03-08 20:57:31.871 [info] > git rev-parse --path-format=relative --show-toplevel [0ms]
2024-03-08 20:57:51.538 [info] > git rev-parse --show-toplevel [1ms]
2024-03-08 20:57:51.542 [info] > git rev-parse --path-format=relative --show-toplevel [1ms]
2024-03-08 20:57:54.864 [info] > git rev-parse --show-toplevel [1ms]
2024-03-08 20:57:54.869 [info] > git rev-parse --path-format=relative --show-toplevel [1ms]
