2024-03-11 20:51:26.253 [info] Extension host with pid 71898 started
2024-03-11 20:51:26.282 [info] ExtensionService#_doActivateExtension vscode.emmet, startup: false, activationEvent: 'onLanguage'
2024-03-11 20:51:26.347 [info] ExtensionService#_doActivateExtension vscode.git-base, startup: true, activationEvent: '*', root cause: vscode.git
2024-03-11 20:51:26.349 [info] ExtensionService#_doActivateExtension LaurentTreguier.vscode-simple-icons, startup: true, activationEvent: '*'
2024-03-11 20:51:26.354 [info] ExtensionService#_doActivateExtension vscode.git, startup: true, activationEvent: '*'
2024-03-11 20:51:26.367 [info] ExtensionService#_doActivateExtension vscode.github, startup: true, activationEvent: '*'
2024-03-11 20:51:26.410 [info] Eager extensions activated
2024-03-11 20:51:26.430 [info] ExtensionService#_doActivateExtension vscode.debug-auto-launch, startup: false, activationEvent: 'onStartupFinished'
2024-03-11 20:51:26.431 [info] ExtensionService#_doActivateExtension vscode.merge-conflict, startup: false, activationEvent: 'onStartupFinished'
2024-03-11 20:51:26.434 [info] ExtensionService#_doActivateExtension Catppuccin.catppuccin-vsc, startup: false, activationEvent: 'onStartupFinished'
2024-03-11 20:51:26.435 [info] ExtensionService#_doActivateExtension Catppuccin.catppuccin-vsc-icons, startup: false, activationEvent: 'onStartupFinished'
2024-03-11 20:51:26.472 [info] Extension host with pid 71934 started
2024-03-11 20:51:26.473 [info] Eager extensions activated
2024-03-11 20:51:26.493 [info] ExtensionService#_doActivateExtension PKief.material-icon-theme, startup: false, activationEvent: 'onStartupFinished'
2024-03-11 20:51:26.497 [info] ExtensionService#_doActivateExtension asvetliakov.vscode-neovim, startup: false, activationEvent: 'onStartupFinished'
2024-03-11 20:51:26.497 [info] ExtensionService#_doActivateExtension sainnhe.gruvbox-material, startup: false, activationEvent: 'onStartupFinished'
2024-03-11 20:55:59.279 [info] Extension host terminating: renderer closed the MessagePort
2024-03-11 20:55:59.296 [warning] ExtHostTextEditorOptions 'setCursorStyle' failed:'
2024-03-11 20:55:59.296 [warning] Canceled
2024-03-11 20:55:59.297 [info] Extension host with pid 71934 exiting with code 0
2024-03-11 20:55:59.534 [info] Extension host terminating: renderer closed the MessagePort
2024-03-11 20:55:59.538 [info] Extension host with pid 71898 exiting with code 0
