2024-03-08 22:07:40.110 [info] Log level: Info
2024-03-08 22:07:40.110 [info] Validating found git in: "git"
2024-03-08 22:07:40.110 [info] Using git "2.44.0" from "git"
2024-03-08 22:07:40.110 [info] > git rev-parse --show-toplevel [3ms]
2024-03-08 22:07:40.110 [info] > git rev-parse --path-format=relative --show-toplevel [2ms]
2024-03-08 22:07:40.110 [info] > git rev-parse --git-dir --git-common-dir [9ms]
2024-03-08 22:07:40.110 [info] fatal: not a git repository (or any of the parent directories): .git
2024-03-08 22:07:40.111 [info] > git rev-parse --show-toplevel [1ms]
2024-03-08 22:07:40.115 [info] > git rev-parse --path-format=relative --show-toplevel [0ms]
2024-03-08 22:07:40.121 [info] > git rev-parse --git-dir --git-common-dir [0ms]
2024-03-08 22:07:40.121 [info] fatal: not a git repository (or any of the parent directories): .git
2024-03-08 22:07:40.133 [info] > git rev-parse --show-toplevel [7ms]
2024-03-08 22:07:40.138 [info] > git rev-parse --path-format=relative --show-toplevel [1ms]
2024-03-08 22:07:40.145 [info] > git rev-parse --git-dir --git-common-dir [2ms]
2024-03-08 22:07:40.145 [info] fatal: not a git repository (or any of the parent directories): .git
2024-03-08 22:07:40.150 [info] > git rev-parse --show-toplevel [0ms]
2024-03-08 22:07:40.155 [info] > git rev-parse --path-format=relative --show-toplevel [0ms]
2024-03-08 22:07:40.160 [info] > git rev-parse --git-dir --git-common-dir [1ms]
2024-03-08 22:07:40.160 [info] fatal: not a git repository (or any of the parent directories): .git
2024-03-08 22:07:40.165 [info] > git rev-parse --show-toplevel [1ms]
2024-03-08 22:07:40.169 [info] > git rev-parse --path-format=relative --show-toplevel [0ms]
2024-03-08 22:07:40.174 [info] > git rev-parse --git-dir --git-common-dir [1ms]
2024-03-08 22:07:40.174 [info] fatal: not a git repository (or any of the parent directories): .git
2024-03-08 22:07:40.179 [info] > git rev-parse --show-toplevel [0ms]
2024-03-08 22:07:40.185 [info] > git rev-parse --path-format=relative --show-toplevel [1ms]
2024-03-08 22:07:40.190 [info] > git rev-parse --git-dir --git-common-dir [1ms]
2024-03-08 22:07:40.190 [info] fatal: not a git repository (or any of the parent directories): .git
