2024-03-08 22:07:49.822 [info] Log level: Info
2024-03-08 22:07:49.822 [info] Validating found git in: "git"
2024-03-08 22:07:49.822 [info] Using git "2.44.0" from "git"
2024-03-08 22:07:49.822 [info] > git rev-parse --show-toplevel [2ms]
2024-03-08 22:07:49.822 [info] > git rev-parse --path-format=relative --show-toplevel [4ms]
2024-03-08 22:07:49.822 [info] > git rev-parse --git-dir --git-common-dir [8ms]
2024-03-08 22:07:49.822 [info] fatal: not a git repository (or any of the parent directories): .git
2024-03-08 22:07:49.829 [info] > git rev-parse --show-toplevel [2ms]
2024-03-08 22:07:49.834 [info] > git rev-parse --path-format=relative --show-toplevel [1ms]
2024-03-08 22:07:49.839 [info] > git rev-parse --git-dir --git-common-dir [1ms]
2024-03-08 22:07:49.839 [info] fatal: not a git repository (or any of the parent directories): .git
2024-03-08 22:07:49.845 [info] > git rev-parse --show-toplevel [0ms]
2024-03-08 22:07:49.851 [info] > git rev-parse --path-format=relative --show-toplevel [0ms]
2024-03-08 22:07:49.857 [info] > git rev-parse --git-dir --git-common-dir [0ms]
2024-03-08 22:07:49.857 [info] fatal: not a git repository (or any of the parent directories): .git
2024-03-08 22:07:49.862 [info] > git rev-parse --show-toplevel [1ms]
2024-03-08 22:07:49.867 [info] > git rev-parse --path-format=relative --show-toplevel [1ms]
2024-03-08 22:07:49.876 [info] > git rev-parse --git-dir --git-common-dir [4ms]
2024-03-08 22:07:49.876 [info] fatal: not a git repository (or any of the parent directories): .git
2024-03-08 22:07:49.881 [info] > git rev-parse --show-toplevel [1ms]
2024-03-08 22:07:49.886 [info] > git rev-parse --path-format=relative --show-toplevel [0ms]
2024-03-08 22:07:49.892 [info] > git rev-parse --git-dir --git-common-dir [0ms]
2024-03-08 22:07:49.892 [info] fatal: not a git repository (or any of the parent directories): .git
2024-03-08 22:07:49.897 [info] > git rev-parse --show-toplevel [1ms]
2024-03-08 22:07:49.902 [info] > git rev-parse --path-format=relative --show-toplevel [1ms]
2024-03-08 22:07:49.906 [info] > git rev-parse --git-dir --git-common-dir [1ms]
2024-03-08 22:07:49.906 [info] fatal: not a git repository (or any of the parent directories): .git
