2024-03-14 19:14:58.747 [info] Getting Manifest... asvetliakov.vscode-neovim
2024-03-14 19:14:59.676 [info] Installing extension: asvetliakov.vscode-neovim
2024-03-14 19:15:00.661 [error] Could not load vsce-sign module Cannot find module '@vscode/vsce-sign'
Require stack:
- /usr/lib/code/out/bootstrap-amd.js
- /usr/lib/code/out/bootstrap-fork.js
- 
2024-03-14 19:15:00.665 [info] Extension signature verification is not done: asvetliakov.vscode-neovim
2024-03-14 19:15:00.714 [info] Extracted extension to file:///home/florin/.vscode-oss/extensions/asvetliakov.vscode-neovim-1.7.1-universal: asvetliakov.vscode-neovim
2024-03-14 19:15:00.718 [info] Renamed to /home/florin/.vscode-oss/extensions/asvetliakov.vscode-neovim-1.7.1-universal
2024-03-14 19:15:00.718 [info] Extracting extension completed. asvetliakov.vscode-neovim
2024-03-14 19:15:00.725 [info] Extension installed successfully: asvetliakov.vscode-neovim
2024-03-14 19:15:00.727 [info] Marked extension as uninstalled asvetliakov.vscode-neovim-1.6.1-universal
2024-03-14 19:15:00.801 [error] [uncaught exception in sharedProcess]: Error: ENOENT: no such file or directory, stat '/home/florin/.vscode-oss/extensions/extensions.json.vsctmp': EntryNotFound (FileSystemError): Error: ENOENT: no such file or directory, stat '/home/florin/.vscode-oss/extensions/extensions.json.vsctmp'
    at r.create (/usr/lib/code/out/vs/code/node/sharedProcess/sharedProcessMain.js:51:30083)
    at a (/usr/lib/code/out/vs/code/node/sharedProcess/sharedProcessMain.js:51:30198)
    at i.fb (/usr/lib/code/out/vs/code/node/sharedProcess/sharedProcessMain.js:56:36634)
    at i.stat (/usr/lib/code/out/vs/code/node/sharedProcess/sharedProcessMain.js:56:29080)
    at async v.stat (/usr/lib/code/out/vs/code/node/sharedProcess/sharedProcessMain.js:56:16226)
    at async X.sb (/usr/lib/code/out/vs/code/node/sharedProcess/sharedProcessMain.js:102:107729)
