2024-03-09 21:09:10.529 [info] Getting Manifest... catppuccin.catppuccin-vsc-icons
2024-03-09 21:09:11.152 [info] Installing extension: catppuccin.catppuccin-vsc-icons
2024-03-09 21:09:11.980 [error] Could not load vsce-sign module Cannot find module '@vscode/vsce-sign'
Require stack:
- /usr/lib/code/out/bootstrap-amd.js
- /usr/lib/code/out/bootstrap-fork.js
- 
2024-03-09 21:09:11.991 [info] Extension signature verification is not done: catppuccin.catppuccin-vsc-icons
2024-03-09 21:09:12.536 [info] Extracted extension to file:///home/florin/.vscode-oss/extensions/catppuccin.catppuccin-vsc-icons-1.10.0-universal: catppuccin.catppuccin-vsc-icons
2024-03-09 21:09:12.547 [info] Renamed to /home/florin/.vscode-oss/extensions/catppuccin.catppuccin-vsc-icons-1.10.0-universal
2024-03-09 21:09:12.548 [info] Extracting extension completed. catppuccin.catppuccin-vsc-icons
2024-03-09 21:09:12.563 [info] Extension installed successfully: catppuccin.catppuccin-vsc-icons
2024-03-09 21:09:12.565 [info] Marked extension as uninstalled catppuccin.catppuccin-vsc-icons-1.9.1-universal
2024-03-09 21:09:12.640 [error] [uncaught exception in sharedProcess]: Error: ENOENT: no such file or directory, stat '/home/florin/.vscode-oss/extensions/extensions.json.vsctmp': EntryNotFound (FileSystemError): Error: ENOENT: no such file or directory, stat '/home/florin/.vscode-oss/extensions/extensions.json.vsctmp'
    at r.create (/usr/lib/code/out/vs/code/node/sharedProcess/sharedProcessMain.js:51:30083)
    at a (/usr/lib/code/out/vs/code/node/sharedProcess/sharedProcessMain.js:51:30198)
    at i.fb (/usr/lib/code/out/vs/code/node/sharedProcess/sharedProcessMain.js:56:36634)
    at i.stat (/usr/lib/code/out/vs/code/node/sharedProcess/sharedProcessMain.js:56:29080)
    at async v.stat (/usr/lib/code/out/vs/code/node/sharedProcess/sharedProcessMain.js:56:16226)
    at async X.sb (/usr/lib/code/out/vs/code/node/sharedProcess/sharedProcessMain.js:102:107729)
