2024-03-11 20:33:32.260 [info] Extension host with pid 59785 started
2024-03-11 20:33:32.484 [info] ExtensionService#_doActivateExtension vscode.emmet, startup: false, activationEvent: 'onLanguage'
2024-03-11 20:33:32.535 [info] Extension host with pid 59831 started
2024-03-11 20:33:32.549 [info] Eager extensions activated
2024-03-11 20:33:32.554 [info] ExtensionService#_doActivateExtension vscode.git-base, startup: true, activationEvent: '*', root cause: vscode.git
2024-03-11 20:33:32.556 [info] ExtensionService#_doActivateExtension LaurentTreguier.vscode-simple-icons, startup: true, activationEvent: '*'
2024-03-11 20:33:32.595 [info] ExtensionService#_doActivateExtension asvetliakov.vscode-neovim, startup: false, activationEvent: 'onStartupFinished'
2024-03-11 20:33:32.609 [info] ExtensionService#_doActivateExtension vscode.git, startup: true, activationEvent: '*'
2024-03-11 20:33:32.629 [info] ExtensionService#_doActivateExtension vscode.github, startup: true, activationEvent: '*'
2024-03-11 20:33:32.659 [info] Eager extensions activated
2024-03-11 20:33:32.691 [info] ExtensionService#_doActivateExtension vscode.debug-auto-launch, startup: false, activationEvent: 'onStartupFinished'
2024-03-11 20:33:32.693 [info] ExtensionService#_doActivateExtension vscode.merge-conflict, startup: false, activationEvent: 'onStartupFinished'
2024-03-11 20:33:32.698 [info] ExtensionService#_doActivateExtension Catppuccin.catppuccin-vsc, startup: false, activationEvent: 'onStartupFinished'
2024-03-11 20:33:32.702 [info] ExtensionService#_doActivateExtension Catppuccin.catppuccin-vsc-icons, startup: false, activationEvent: 'onStartupFinished'
2024-03-11 20:33:32.768 [info] ExtensionService#_doActivateExtension PKief.material-icon-theme, startup: false, activationEvent: 'onStartupFinished'
2024-03-11 20:33:32.771 [info] ExtensionService#_doActivateExtension sainnhe.gruvbox-material, startup: false, activationEvent: 'onStartupFinished'
2024-03-11 20:33:55.995 [info] Extension host terminating: renderer closed the MessagePort
2024-03-11 20:33:56.011 [warning] ExtHostTextEditorOptions 'setCursorStyle' failed:'
2024-03-11 20:33:56.012 [warning] Canceled
2024-03-11 20:33:56.012 [info] Extension host with pid 59831 exiting with code 0
2024-03-11 20:33:56.262 [info] Extension host terminating: renderer closed the MessagePort
2024-03-11 20:33:56.267 [info] Extension host with pid 59785 exiting with code 0
