2024-03-14 20:19:46.542 [info] Extension host with pid 104965 started
2024-03-14 20:19:46.596 [info] ExtensionService#_doActivateExtension vscode.emmet, startup: false, activationEvent: 'onLanguage'
2024-03-14 20:19:46.700 [info] ExtensionService#_doActivateExtension vscode.git-base, startup: true, activationEvent: '*', root cause: vscode.git
2024-03-14 20:19:46.701 [info] ExtensionService#_doActivateExtension LaurentTreguier.vscode-simple-icons, startup: true, activationEvent: '*'
2024-03-14 20:19:46.717 [info] ExtensionService#_doActivateExtension vscode.git, startup: true, activationEvent: '*'
2024-03-14 20:19:46.717 [info] Extension host with pid 104982 started
2024-03-14 20:19:46.719 [info] Eager extensions activated
2024-03-14 20:19:46.722 [info] ExtensionService#_doActivateExtension asvetliakov.vscode-neovim, startup: false, activationEvent: 'onStartupFinished'
2024-03-14 20:19:46.731 [info] ExtensionService#_doActivateExtension vscode.github, startup: true, activationEvent: '*'
2024-03-14 20:19:46.753 [info] Eager extensions activated
2024-03-14 20:19:46.775 [info] ExtensionService#_doActivateExtension vscode.debug-auto-launch, startup: false, activationEvent: 'onStartupFinished'
2024-03-14 20:19:46.776 [info] ExtensionService#_doActivateExtension vscode.merge-conflict, startup: false, activationEvent: 'onStartupFinished'
2024-03-14 20:19:46.780 [info] ExtensionService#_doActivateExtension Catppuccin.catppuccin-vsc, startup: false, activationEvent: 'onStartupFinished'
2024-03-14 20:19:46.781 [info] ExtensionService#_doActivateExtension Catppuccin.catppuccin-vsc-icons, startup: false, activationEvent: 'onStartupFinished'
2024-03-14 20:19:46.840 [info] ExtensionService#_doActivateExtension PKief.material-icon-theme, startup: false, activationEvent: 'onStartupFinished'
2024-03-14 20:19:46.845 [info] ExtensionService#_doActivateExtension sainnhe.gruvbox-material, startup: false, activationEvent: 'onStartupFinished'
2024-03-14 20:19:48.489 [info] Extension host terminating: renderer closed the MessagePort
2024-03-14 20:19:48.504 [warning] ExtHostTextEditorOptions 'setCursorStyle' failed:'
2024-03-14 20:19:48.504 [warning] Canceled
2024-03-14 20:19:48.504 [info] Extension host with pid 104982 exiting with code 0
2024-03-14 20:19:48.710 [info] Extension host terminating: renderer closed the MessagePort
2024-03-14 20:19:48.713 [info] Extension host with pid 104965 exiting with code 0
