2024-03-13 11:51:43.231 [info] Extension host with pid 371353 started
2024-03-13 11:51:43.288 [info] ExtensionService#_doActivateExtension vscode.emmet, startup: false, activationEvent: 'onLanguage'
2024-03-13 11:51:43.298 [info] Extension host with pid 371365 started
2024-03-13 11:51:43.313 [info] Eager extensions activated
2024-03-13 11:51:43.358 [info] ExtensionService#_doActivateExtension asvetliakov.vscode-neovim, startup: false, activationEvent: 'onStartupFinished'
2024-03-13 11:51:43.387 [info] ExtensionService#_doActivateExtension vscode.git-base, startup: true, activationEvent: '*', root cause: vscode.git
2024-03-13 11:51:43.388 [info] ExtensionService#_doActivateExtension LaurentTreguier.vscode-simple-icons, startup: true, activationEvent: '*'
2024-03-13 11:51:43.396 [info] ExtensionService#_doActivateExtension vscode.git, startup: true, activationEvent: '*'
2024-03-13 11:51:43.412 [info] ExtensionService#_doActivateExtension vscode.github, startup: true, activationEvent: '*'
2024-03-13 11:51:43.434 [info] Eager extensions activated
2024-03-13 11:51:43.453 [info] ExtensionService#_doActivateExtension vscode.debug-auto-launch, startup: false, activationEvent: 'onStartupFinished'
2024-03-13 11:51:43.455 [info] ExtensionService#_doActivateExtension vscode.merge-conflict, startup: false, activationEvent: 'onStartupFinished'
2024-03-13 11:51:43.459 [info] ExtensionService#_doActivateExtension Catppuccin.catppuccin-vsc, startup: false, activationEvent: 'onStartupFinished'
2024-03-13 11:51:43.461 [info] ExtensionService#_doActivateExtension Catppuccin.catppuccin-vsc-icons, startup: false, activationEvent: 'onStartupFinished'
2024-03-13 11:51:43.525 [info] ExtensionService#_doActivateExtension PKief.material-icon-theme, startup: false, activationEvent: 'onStartupFinished'
2024-03-13 11:51:43.530 [info] ExtensionService#_doActivateExtension sainnhe.gruvbox-material, startup: false, activationEvent: 'onStartupFinished'
2024-03-13 11:51:43.964 [info] Extension host terminating: renderer closed the MessagePort
2024-03-13 11:51:43.976 [warning] ExtHostTextEditorOptions 'setCursorStyle' failed:'
2024-03-13 11:51:43.976 [warning] Canceled
2024-03-13 11:51:43.977 [info] Extension host with pid 371365 exiting with code 0
2024-03-13 11:51:44.116 [info] Extension host terminating: renderer closed the MessagePort
2024-03-13 11:51:44.119 [info] Extension host with pid 371353 exiting with code 0
