2024-03-11 20:20:45.019 [info] Added views:workbench.panel.markers.view in workbench.panel.markers
2024-03-11 20:20:45.019 [info] Added views:workbench.panel.output in workbench.panel.output
2024-03-11 20:20:45.019 [info] Added views:terminal in terminal
2024-03-11 20:20:45.019 [info] Added views:outline in workbench.view.explorer
2024-03-11 20:20:45.019 [info] Added views:workbench.scm in workbench.view.scm
2024-03-11 20:20:45.019 [info] Added views:workbench.view.search in workbench.view.search
2024-03-11 20:20:45.019 [info] Added views:timeline in workbench.view.explorer
2024-03-11 20:20:45.019 [info] Added views:workbench.explorer.emptyView in workbench.view.explorer
2024-03-11 20:20:45.166 [info] Added views:workbench.debug.welcome in workbench.view.debug
2024-03-11 20:20:45.669 [info] Added views:workbench.panel.repl.view in workbench.panel.repl
2024-03-11 20:20:45.905 [info] Added views:~remote.forwardedPorts in ~remote.forwardedPortsContainer
2024-03-11 20:21:16.053 [info] Added views:workbench.views.extensions.installed,workbench.views.extensions.popular,extensions.recommendedList in workbench.view.extensions
2024-03-11 20:21:16.055 [info] Removed views:workbench.views.extensions.popular from workbench.view.extensions
2024-03-11 20:21:17.710 [info] Removed views:extensions.recommendedList,workbench.views.extensions.installed from workbench.view.extensions
2024-03-11 20:21:17.715 [info] Added views:workbench.views.extensions.marketplace in workbench.view.extensions
2024-03-11 20:21:18.690 [info] Removed views:workbench.views.extensions.marketplace from workbench.view.extensions
2024-03-11 20:21:18.697 [info] Added views:workbench.views.extensions.installed,extensions.recommendedList in workbench.view.extensions
2024-03-11 20:21:19.905 [info] Removed views:extensions.recommendedList,workbench.views.extensions.installed from workbench.view.extensions
2024-03-11 20:21:19.911 [info] Added views:workbench.views.extensions.marketplace in workbench.view.extensions
2024-03-11 20:21:39.589 [info] Removed views:workbench.panel.repl.view from workbench.panel.repl
2024-03-11 20:21:39.733 [info] Added views:workbench.panel.repl.view in workbench.panel.repl
