2024-03-11 20:41:45.894 [info] Extension host with pid 66828 started
2024-03-11 20:41:45.944 [info] ExtensionService#_doActivateExtension vscode.emmet, startup: false, activationEvent: 'onLanguage'
2024-03-11 20:41:45.968 [info] ExtensionService#_doActivateExtension vscode.git-base, startup: true, activationEvent: '*', root cause: vscode.git
2024-03-11 20:41:45.969 [info] ExtensionService#_doActivateExtension LaurentTreguier.vscode-simple-icons, startup: true, activationEvent: '*'
2024-03-11 20:41:45.974 [info] ExtensionService#_doActivateExtension vscode.git, startup: true, activationEvent: '*'
2024-03-11 20:41:45.988 [info] ExtensionService#_doActivateExtension vscode.github, startup: true, activationEvent: '*'
2024-03-11 20:41:46.010 [info] Eager extensions activated
2024-03-11 20:41:46.028 [info] ExtensionService#_doActivateExtension vscode.debug-auto-launch, startup: false, activationEvent: 'onStartupFinished'
2024-03-11 20:41:46.029 [info] ExtensionService#_doActivateExtension vscode.merge-conflict, startup: false, activationEvent: 'onStartupFinished'
2024-03-11 20:41:46.032 [info] ExtensionService#_doActivateExtension Catppuccin.catppuccin-vsc, startup: false, activationEvent: 'onStartupFinished'
2024-03-11 20:41:46.039 [info] ExtensionService#_doActivateExtension Catppuccin.catppuccin-vsc-icons, startup: false, activationEvent: 'onStartupFinished'
2024-03-11 20:41:46.074 [info] Extension host with pid 66863 started
2024-03-11 20:41:46.075 [info] Eager extensions activated
2024-03-11 20:41:46.077 [info] ExtensionService#_doActivateExtension asvetliakov.vscode-neovim, startup: false, activationEvent: 'onStartupFinished'
2024-03-11 20:41:46.101 [info] ExtensionService#_doActivateExtension PKief.material-icon-theme, startup: false, activationEvent: 'onStartupFinished'
2024-03-11 20:41:46.107 [info] ExtensionService#_doActivateExtension sainnhe.gruvbox-material, startup: false, activationEvent: 'onStartupFinished'
2024-03-11 20:45:07.737 [info] Extension host terminating: renderer closed the MessagePort
2024-03-11 20:45:07.752 [warning] ExtHostTextEditorOptions 'setCursorStyle' failed:'
2024-03-11 20:45:07.752 [warning] Canceled
2024-03-11 20:45:07.752 [info] Extension host with pid 66863 exiting with code 0
2024-03-11 20:45:07.953 [info] Extension host terminating: renderer closed the MessagePort
2024-03-11 20:45:07.957 [info] Extension host with pid 66828 exiting with code 0
