2024-03-14 19:16:59.070 [info] Extension host with pid 13055 started
2024-03-14 19:16:59.228 [info] ExtensionService#_doActivateExtension vscode.emmet, startup: false, activationEvent: 'onLanguage'
2024-03-14 19:16:59.255 [info] ExtensionService#_doActivateExtension vscode.git-base, startup: true, activationEvent: '*', root cause: vscode.git
2024-03-14 19:16:59.256 [info] ExtensionService#_doActivateExtension LaurentTreguier.vscode-simple-icons, startup: true, activationEvent: '*'
2024-03-14 19:16:59.337 [info] Extension host with pid 13101 started
2024-03-14 19:16:59.342 [info] ExtensionService#_doActivateExtension vscode.git, startup: true, activationEvent: '*'
2024-03-14 19:16:59.349 [info] Eager extensions activated
2024-03-14 19:16:59.355 [info] ExtensionService#_doActivateExtension vscode.github, startup: true, activationEvent: '*'
2024-03-14 19:16:59.370 [info] ExtensionService#_doActivateExtension asvetliakov.vscode-neovim, startup: false, activationEvent: 'onStartupFinished'
2024-03-14 19:16:59.385 [info] Eager extensions activated
2024-03-14 19:16:59.403 [info] ExtensionService#_doActivateExtension vscode.debug-auto-launch, startup: false, activationEvent: 'onStartupFinished'
2024-03-14 19:16:59.405 [info] ExtensionService#_doActivateExtension vscode.merge-conflict, startup: false, activationEvent: 'onStartupFinished'
2024-03-14 19:16:59.408 [info] ExtensionService#_doActivateExtension Catppuccin.catppuccin-vsc, startup: false, activationEvent: 'onStartupFinished'
2024-03-14 19:16:59.411 [info] ExtensionService#_doActivateExtension Catppuccin.catppuccin-vsc-icons, startup: false, activationEvent: 'onStartupFinished'
2024-03-14 19:16:59.487 [info] ExtensionService#_doActivateExtension PKief.material-icon-theme, startup: false, activationEvent: 'onStartupFinished'
2024-03-14 19:16:59.492 [info] ExtensionService#_doActivateExtension sainnhe.gruvbox-material, startup: false, activationEvent: 'onStartupFinished'
2024-03-14 19:17:20.537 [info] Extension host terminating: renderer closed the MessagePort
2024-03-14 19:17:20.557 [warning] ExtHostTextEditorOptions 'setCursorStyle' failed:'
2024-03-14 19:17:20.557 [warning] Canceled
2024-03-14 19:17:20.557 [info] Extension host with pid 13101 exiting with code 0
2024-03-14 19:17:21.010 [info] Extension host terminating: renderer closed the MessagePort
2024-03-14 19:17:21.015 [info] Extension host with pid 13055 exiting with code 0
