2024-03-14 19:14:54.698 [info] Extension host with pid 8844 started
2024-03-14 19:14:54.744 [info] ExtensionService#_doActivateExtension vscode.emmet, startup: false, activationEvent: 'onLanguage'
2024-03-14 19:14:54.851 [info] ExtensionService#_doActivateExtension vscode.git-base, startup: true, activationEvent: '*', root cause: vscode.git
2024-03-14 19:14:54.853 [info] ExtensionService#_doActivateExtension LaurentTreguier.vscode-simple-icons, startup: true, activationEvent: '*'
2024-03-14 19:14:54.865 [info] ExtensionService#_doActivateExtension vscode.git, startup: true, activationEvent: '*'
2024-03-14 19:14:54.870 [info] Extension host with pid 8879 started
2024-03-14 19:14:54.873 [info] Eager extensions activated
2024-03-14 19:14:54.876 [info] ExtensionService#_doActivateExtension asvetliakov.vscode-neovim, startup: false, activationEvent: 'onStartupFinished'
2024-03-14 19:14:54.924 [info] ExtensionService#_doActivateExtension vscode.github, startup: true, activationEvent: '*'
2024-03-14 19:14:54.972 [info] Eager extensions activated
2024-03-14 19:14:55.004 [info] ExtensionService#_doActivateExtension vscode.debug-auto-launch, startup: false, activationEvent: 'onStartupFinished'
2024-03-14 19:14:55.006 [info] ExtensionService#_doActivateExtension vscode.merge-conflict, startup: false, activationEvent: 'onStartupFinished'
2024-03-14 19:14:55.021 [info] ExtensionService#_doActivateExtension Catppuccin.catppuccin-vsc, startup: false, activationEvent: 'onStartupFinished'
2024-03-14 19:14:55.026 [info] ExtensionService#_doActivateExtension Catppuccin.catppuccin-vsc-icons, startup: false, activationEvent: 'onStartupFinished'
2024-03-14 19:14:55.099 [info] ExtensionService#_doActivateExtension PKief.material-icon-theme, startup: false, activationEvent: 'onStartupFinished'
2024-03-14 19:14:55.111 [info] ExtensionService#_doActivateExtension sainnhe.gruvbox-material, startup: false, activationEvent: 'onStartupFinished'
2024-03-14 19:15:07.431 [info] ExtensionService#_doActivateExtension vscode.json-language-features, startup: false, activationEvent: 'onLanguage:jsonc'
2024-03-14 19:15:07.482 [info] ExtensionService#_doActivateExtension vscode.typescript-language-features, startup: false, activationEvent: 'onLanguage:jsonc'
2024-03-14 19:15:44.441 [info] Extension host terminating: renderer closed the MessagePort
2024-03-14 19:15:44.461 [info] Extension host with pid 8879 exiting with code 0
2024-03-14 19:15:44.798 [info] Extension host terminating: renderer closed the MessagePort
2024-03-14 19:15:44.803 [info] Extension host with pid 8844 exiting with code 0
