2024-03-08 20:49:59.716 [info] Added views:workbench.panel.markers.view in workbench.panel.markers
2024-03-08 20:49:59.716 [info] Added views:workbench.panel.output in workbench.panel.output
2024-03-08 20:49:59.716 [info] Added views:terminal in terminal
2024-03-08 20:49:59.716 [info] Added views:outline in workbench.view.explorer
2024-03-08 20:49:59.716 [info] Added views:workbench.scm in workbench.view.scm
2024-03-08 20:49:59.716 [info] Added views:workbench.view.search in workbench.view.search
2024-03-08 20:49:59.716 [info] Added views:timeline in workbench.view.explorer
2024-03-08 20:49:59.716 [info] Added views:workbench.explorer.fileView in workbench.view.explorer
2024-03-08 20:50:00.030 [info] Added views:workbench.debug.welcome in workbench.view.debug
2024-03-08 20:50:00.101 [info] Added views:~remote.forwardedPorts in ~remote.forwardedPortsContainer
2024-03-08 20:50:00.167 [info] Added views:workbench.panel.repl.view in workbench.panel.repl
2024-03-08 20:53:18.250 [info] Added views:workbench.views.extensions.installed,workbench.views.extensions.popular,extensions.recommendedList in workbench.view.extensions
2024-03-08 20:53:18.253 [info] Removed views:workbench.views.extensions.popular from workbench.view.extensions
2024-03-08 20:53:19.181 [info] Removed views:extensions.recommendedList,workbench.views.extensions.installed from workbench.view.extensions
2024-03-08 20:53:19.185 [info] Added views:workbench.views.extensions.marketplace in workbench.view.extensions
2024-03-08 20:54:32.376 [info] Removed views:workbench.views.extensions.marketplace from workbench.view.extensions
2024-03-08 20:54:32.386 [info] Added views:workbench.views.extensions.installed,extensions.recommendedList in workbench.view.extensions
2024-03-08 20:54:33.059 [info] Removed views:extensions.recommendedList,workbench.views.extensions.installed from workbench.view.extensions
2024-03-08 20:54:33.063 [info] Added views:workbench.views.extensions.marketplace in workbench.view.extensions
2024-03-08 20:55:16.073 [info] Removed views:workbench.views.extensions.marketplace from workbench.view.extensions
2024-03-08 20:55:16.080 [info] Added views:workbench.views.extensions.installed,extensions.recommendedList in workbench.view.extensions
2024-03-08 20:55:24.554 [info] Removed views:extensions.recommendedList,workbench.views.extensions.installed from workbench.view.extensions
2024-03-08 20:55:24.558 [info] Added views:workbench.views.extensions.marketplace in workbench.view.extensions
2024-03-08 20:56:44.449 [info] Removed views:workbench.views.extensions.marketplace from workbench.view.extensions
2024-03-08 20:56:44.458 [info] Added views:workbench.views.extensions.installed,extensions.recommendedList in workbench.view.extensions
2024-03-08 20:56:45.484 [info] Removed views:extensions.recommendedList,workbench.views.extensions.installed from workbench.view.extensions
2024-03-08 20:56:45.488 [info] Added views:workbench.views.extensions.marketplace in workbench.view.extensions
