2024-03-08 21:23:23.140 [info] Log level: Info
2024-03-08 21:23:23.140 [info] Validating found git in: "git"
2024-03-08 21:23:23.140 [info] Using git "2.44.0" from "git"
2024-03-08 21:23:23.140 [info] > git rev-parse --show-toplevel [1ms]
2024-03-08 21:23:23.140 [info] > git rev-parse --path-format=relative --show-toplevel [4ms]
2024-03-08 21:23:23.459 [info] > git rev-parse --show-toplevel [1ms]
2024-03-08 21:23:23.464 [info] > git rev-parse --path-format=relative --show-toplevel [2ms]
2024-03-08 21:23:32.687 [info] > git rev-parse --show-toplevel [1ms]
2024-03-08 21:23:32.691 [info] > git rev-parse --path-format=relative --show-toplevel [0ms]
2024-03-08 21:23:43.000 [info] > git rev-parse --show-toplevel [0ms]
2024-03-08 21:23:43.006 [info] > git rev-parse --path-format=relative --show-toplevel [0ms]
2024-03-08 21:25:21.256 [info] > git rev-parse --show-toplevel [1ms]
2024-03-08 21:25:21.260 [info] > git rev-parse --path-format=relative --show-toplevel [1ms]
2024-03-08 21:25:21.343 [info] > git rev-parse --show-toplevel [1ms]
2024-03-08 21:25:21.348 [info] > git rev-parse --path-format=relative --show-toplevel [0ms]
2024-03-08 21:27:10.159 [info] > git rev-parse --show-toplevel [1ms]
2024-03-08 21:27:10.165 [info] > git rev-parse --path-format=relative --show-toplevel [1ms]
2024-03-08 21:27:14.607 [info] > git rev-parse --show-toplevel [1ms]
2024-03-08 21:27:14.611 [info] > git rev-parse --path-format=relative --show-toplevel [1ms]
2024-03-08 21:28:19.758 [info] > git rev-parse --show-toplevel [1ms]
2024-03-08 21:28:19.762 [info] > git rev-parse --path-format=relative --show-toplevel [1ms]
2024-03-08 21:28:45.146 [info] > git rev-parse --show-toplevel [3ms]
2024-03-08 21:28:45.151 [info] > git rev-parse --path-format=relative --show-toplevel [1ms]
2024-03-08 21:28:53.934 [info] > git rev-parse --show-toplevel [1ms]
2024-03-08 21:28:53.938 [info] > git rev-parse --path-format=relative --show-toplevel [1ms]
2024-03-08 21:29:03.679 [info] > git rev-parse --show-toplevel [1ms]
2024-03-08 21:29:03.683 [info] > git rev-parse --path-format=relative --show-toplevel [1ms]
2024-03-08 21:29:05.339 [info] > git rev-parse --show-toplevel [1ms]
2024-03-08 21:29:05.344 [info] > git rev-parse --path-format=relative --show-toplevel [1ms]
2024-03-08 21:29:17.463 [info] > git rev-parse --show-toplevel [1ms]
2024-03-08 21:29:17.468 [info] > git rev-parse --path-format=relative --show-toplevel [1ms]
2024-03-08 21:30:26.193 [info] > git rev-parse --show-toplevel [0ms]
2024-03-08 21:30:26.198 [info] > git rev-parse --path-format=relative --show-toplevel [1ms]
2024-03-08 21:31:07.522 [info] > git rev-parse --show-toplevel [1ms]
2024-03-08 21:31:07.526 [info] > git rev-parse --path-format=relative --show-toplevel [1ms]
2024-03-08 21:31:44.371 [info] > git rev-parse --show-toplevel [0ms]
2024-03-08 21:31:44.375 [info] > git rev-parse --path-format=relative --show-toplevel [1ms]
2024-03-08 21:31:48.252 [info] > git rev-parse --show-toplevel [1ms]
2024-03-08 21:31:48.257 [info] > git rev-parse --path-format=relative --show-toplevel [1ms]
2024-03-08 21:33:09.145 [info] > git rev-parse --show-toplevel [0ms]
2024-03-08 21:33:09.152 [info] > git rev-parse --path-format=relative --show-toplevel [2ms]
2024-03-08 21:33:16.869 [info] > git rev-parse --show-toplevel [1ms]
2024-03-08 21:33:16.874 [info] > git rev-parse --path-format=relative --show-toplevel [1ms]
2024-03-08 21:33:44.207 [info] > git rev-parse --show-toplevel [2ms]
2024-03-08 21:33:44.212 [info] > git rev-parse --path-format=relative --show-toplevel [2ms]
2024-03-08 21:33:52.126 [info] > git rev-parse --show-toplevel [1ms]
2024-03-08 21:33:52.131 [info] > git rev-parse --path-format=relative --show-toplevel [1ms]
2024-03-08 21:33:54.182 [info] > git rev-parse --show-toplevel [1ms]
2024-03-08 21:33:54.188 [info] > git rev-parse --path-format=relative --show-toplevel [2ms]
2024-03-08 21:34:42.933 [info] > git rev-parse --show-toplevel [1ms]
2024-03-08 21:34:42.938 [info] > git rev-parse --path-format=relative --show-toplevel [1ms]
2024-03-08 21:34:46.153 [info] > git rev-parse --show-toplevel [1ms]
2024-03-08 21:34:46.158 [info] > git rev-parse --path-format=relative --show-toplevel [1ms]
2024-03-08 21:34:48.414 [info] > git rev-parse --show-toplevel [1ms]
2024-03-08 21:34:48.418 [info] > git rev-parse --path-format=relative --show-toplevel [1ms]
2024-03-08 21:34:54.680 [info] > git rev-parse --show-toplevel [1ms]
2024-03-08 21:34:54.685 [info] > git rev-parse --path-format=relative --show-toplevel [2ms]
2024-03-08 21:36:23.307 [info] > git rev-parse --show-toplevel [3ms]
2024-03-08 21:36:23.313 [info] > git rev-parse --path-format=relative --show-toplevel [2ms]
2024-03-08 21:36:25.950 [info] > git rev-parse --show-toplevel [2ms]
2024-03-08 21:36:25.954 [info] > git rev-parse --path-format=relative --show-toplevel [1ms]
2024-03-08 21:36:50.347 [info] > git rev-parse --show-toplevel [1ms]
2024-03-08 21:36:50.352 [info] > git rev-parse --path-format=relative --show-toplevel [1ms]
2024-03-08 21:36:55.936 [info] > git rev-parse --show-toplevel [2ms]
2024-03-08 21:36:55.941 [info] > git rev-parse --path-format=relative --show-toplevel [1ms]
2024-03-08 21:37:38.622 [info] > git rev-parse --show-toplevel [1ms]
2024-03-08 21:37:38.627 [info] > git rev-parse --path-format=relative --show-toplevel [2ms]
2024-03-08 21:37:46.138 [info] > git rev-parse --show-toplevel [0ms]
2024-03-08 21:37:46.143 [info] > git rev-parse --path-format=relative --show-toplevel [1ms]
2024-03-08 21:39:09.593 [info] > git rev-parse --show-toplevel [2ms]
2024-03-08 21:39:09.598 [info] > git rev-parse --path-format=relative --show-toplevel [2ms]
2024-03-08 21:39:15.748 [info] > git rev-parse --show-toplevel [1ms]
2024-03-08 21:39:15.753 [info] > git rev-parse --path-format=relative --show-toplevel [1ms]
2024-03-08 21:39:31.738 [info] > git rev-parse --show-toplevel [1ms]
2024-03-08 21:39:31.743 [info] > git rev-parse --path-format=relative --show-toplevel [2ms]
2024-03-08 21:40:24.968 [info] > git rev-parse --show-toplevel [2ms]
2024-03-08 21:40:24.972 [info] > git rev-parse --path-format=relative --show-toplevel [0ms]
2024-03-08 21:40:43.353 [info] > git rev-parse --show-toplevel [1ms]
2024-03-08 21:40:43.360 [info] > git rev-parse --path-format=relative --show-toplevel [3ms]
2024-03-08 21:40:48.418 [info] > git rev-parse --show-toplevel [2ms]
2024-03-08 21:40:48.425 [info] > git rev-parse --path-format=relative --show-toplevel [2ms]
2024-03-08 21:41:11.769 [info] > git rev-parse --show-toplevel [2ms]
2024-03-08 21:41:11.775 [info] > git rev-parse --path-format=relative --show-toplevel [2ms]
2024-03-08 21:41:15.816 [info] > git rev-parse --show-toplevel [1ms]
2024-03-08 21:41:15.821 [info] > git rev-parse --path-format=relative --show-toplevel [1ms]
2024-03-08 21:41:18.167 [info] > git rev-parse --show-toplevel [2ms]
2024-03-08 21:41:18.172 [info] > git rev-parse --path-format=relative --show-toplevel [1ms]
2024-03-08 21:41:20.019 [info] > git rev-parse --show-toplevel [1ms]
2024-03-08 21:41:20.024 [info] > git rev-parse --path-format=relative --show-toplevel [2ms]
2024-03-08 21:41:29.553 [info] > git rev-parse --show-toplevel [0ms]
2024-03-08 21:41:29.558 [info] > git rev-parse --path-format=relative --show-toplevel [1ms]
2024-03-08 21:41:32.006 [info] > git rev-parse --show-toplevel [1ms]
2024-03-08 21:41:32.011 [info] > git rev-parse --path-format=relative --show-toplevel [1ms]
2024-03-08 21:41:33.378 [info] > git rev-parse --show-toplevel [1ms]
2024-03-08 21:41:33.383 [info] > git rev-parse --path-format=relative --show-toplevel [1ms]
2024-03-08 21:43:21.012 [info] > git rev-parse --show-toplevel [2ms]
2024-03-08 21:43:21.018 [info] > git rev-parse --path-format=relative --show-toplevel [2ms]
2024-03-08 21:44:03.339 [info] > git rev-parse --show-toplevel [0ms]
2024-03-08 21:44:03.346 [info] > git rev-parse --path-format=relative --show-toplevel [2ms]
2024-03-08 21:44:03.371 [info] > git rev-parse --show-toplevel [2ms]
2024-03-08 21:44:03.376 [info] > git rev-parse --path-format=relative --show-toplevel [1ms]
2024-03-08 21:45:10.195 [info] > git rev-parse --show-toplevel [1ms]
2024-03-08 21:45:10.199 [info] > git rev-parse --path-format=relative --show-toplevel [1ms]
2024-03-08 21:45:46.296 [info] > git rev-parse --show-toplevel [1ms]
2024-03-08 21:45:46.302 [info] > git rev-parse --path-format=relative --show-toplevel [2ms]
2024-03-08 21:46:11.722 [info] > git rev-parse --show-toplevel [0ms]
2024-03-08 21:46:11.726 [info] > git rev-parse --path-format=relative --show-toplevel [1ms]
2024-03-08 21:46:13.333 [info] > git rev-parse --show-toplevel [1ms]
2024-03-08 21:46:13.339 [info] > git rev-parse --path-format=relative --show-toplevel [1ms]
2024-03-08 21:46:31.667 [info] > git rev-parse --show-toplevel [1ms]
2024-03-08 21:46:31.671 [info] > git rev-parse --path-format=relative --show-toplevel [1ms]
2024-03-08 21:46:38.130 [info] > git rev-parse --show-toplevel [2ms]
2024-03-08 21:46:38.135 [info] > git rev-parse --path-format=relative --show-toplevel [2ms]
2024-03-08 21:47:00.567 [info] > git rev-parse --show-toplevel [1ms]
2024-03-08 21:47:00.572 [info] > git rev-parse --path-format=relative --show-toplevel [1ms]
2024-03-08 21:47:06.442 [info] > git rev-parse --show-toplevel [1ms]
2024-03-08 21:47:06.446 [info] > git rev-parse --path-format=relative --show-toplevel [1ms]
2024-03-08 21:47:19.519 [info] > git rev-parse --show-toplevel [1ms]
2024-03-08 21:47:19.524 [info] > git rev-parse --path-format=relative --show-toplevel [1ms]
2024-03-08 21:47:23.689 [info] > git rev-parse --show-toplevel [1ms]
2024-03-08 21:47:23.696 [info] > git rev-parse --path-format=relative --show-toplevel [2ms]
2024-03-08 21:48:31.823 [info] > git rev-parse --show-toplevel [2ms]
2024-03-08 21:48:31.829 [info] > git rev-parse --path-format=relative --show-toplevel [1ms]
2024-03-08 21:48:34.931 [info] > git rev-parse --show-toplevel [0ms]
2024-03-08 21:48:34.937 [info] > git rev-parse --path-format=relative --show-toplevel [1ms]
2024-03-08 21:48:59.111 [info] > git rev-parse --show-toplevel [1ms]
2024-03-08 21:48:59.117 [info] > git rev-parse --path-format=relative --show-toplevel [1ms]
2024-03-08 21:49:02.184 [info] > git rev-parse --show-toplevel [1ms]
2024-03-08 21:49:02.190 [info] > git rev-parse --path-format=relative --show-toplevel [1ms]
2024-03-08 21:49:19.841 [info] > git rev-parse --show-toplevel [0ms]
2024-03-08 21:49:19.849 [info] > git rev-parse --path-format=relative --show-toplevel [2ms]
2024-03-08 21:50:06.284 [info] > git rev-parse --show-toplevel [2ms]
2024-03-08 21:50:06.291 [info] > git rev-parse --path-format=relative --show-toplevel [2ms]
2024-03-08 21:50:13.402 [info] > git rev-parse --show-toplevel [1ms]
2024-03-08 21:50:13.408 [info] > git rev-parse --path-format=relative --show-toplevel [0ms]
2024-03-08 21:51:16.395 [info] > git rev-parse --show-toplevel [1ms]
2024-03-08 21:51:16.402 [info] > git rev-parse --path-format=relative --show-toplevel [2ms]
2024-03-08 21:52:27.978 [info] > git rev-parse --show-toplevel [2ms]
2024-03-08 21:52:27.984 [info] > git rev-parse --path-format=relative --show-toplevel [1ms]
2024-03-08 21:52:41.113 [info] > git rev-parse --show-toplevel [2ms]
2024-03-08 21:52:41.119 [info] > git rev-parse --path-format=relative --show-toplevel [1ms]
2024-03-08 21:52:44.366 [info] > git rev-parse --show-toplevel [2ms]
2024-03-08 21:52:44.371 [info] > git rev-parse --path-format=relative --show-toplevel [1ms]
2024-03-08 21:52:52.585 [info] > git rev-parse --show-toplevel [2ms]
2024-03-08 21:52:52.589 [info] > git rev-parse --path-format=relative --show-toplevel [1ms]
2024-03-08 21:52:57.993 [info] > git rev-parse --show-toplevel [1ms]
2024-03-08 21:52:57.998 [info] > git rev-parse --path-format=relative --show-toplevel [1ms]
2024-03-08 21:53:06.893 [info] > git rev-parse --show-toplevel [1ms]
2024-03-08 21:53:06.898 [info] > git rev-parse --path-format=relative --show-toplevel [1ms]
2024-03-08 21:53:32.812 [info] > git rev-parse --show-toplevel [0ms]
2024-03-08 21:53:32.818 [info] > git rev-parse --path-format=relative --show-toplevel [1ms]
2024-03-08 21:53:36.907 [info] > git rev-parse --show-toplevel [1ms]
2024-03-08 21:53:36.911 [info] > git rev-parse --path-format=relative --show-toplevel [1ms]
2024-03-08 21:54:09.722 [info] > git rev-parse --show-toplevel [1ms]
2024-03-08 21:54:09.727 [info] > git rev-parse --path-format=relative --show-toplevel [1ms]
2024-03-08 21:54:10.792 [info] > git rev-parse --show-toplevel [1ms]
2024-03-08 21:54:10.797 [info] > git rev-parse --path-format=relative --show-toplevel [1ms]
2024-03-08 21:55:29.433 [info] > git rev-parse --show-toplevel [1ms]
2024-03-08 21:55:29.439 [info] > git rev-parse --path-format=relative --show-toplevel [2ms]
2024-03-08 21:55:39.457 [info] > git rev-parse --show-toplevel [1ms]
2024-03-08 21:55:39.462 [info] > git rev-parse --path-format=relative --show-toplevel [1ms]
2024-03-08 21:56:59.891 [info] > git rev-parse --show-toplevel [1ms]
2024-03-08 21:56:59.896 [info] > git rev-parse --path-format=relative --show-toplevel [1ms]
2024-03-08 21:57:11.712 [info] > git rev-parse --show-toplevel [1ms]
2024-03-08 21:57:11.716 [info] > git rev-parse --path-format=relative --show-toplevel [1ms]
2024-03-08 21:58:16.348 [info] Log level: Info
2024-03-08 21:58:16.348 [info] Validating found git in: "git"
2024-03-08 21:58:16.348 [info] Using git "2.44.0" from "git"
2024-03-08 21:58:16.348 [info] > git rev-parse --show-toplevel [4ms]
2024-03-08 21:58:16.349 [info] > git rev-parse --path-format=relative --show-toplevel [2ms]
2024-03-08 21:58:16.356 [info] > git rev-parse --show-toplevel [1ms]
2024-03-08 21:58:16.361 [info] > git rev-parse --path-format=relative --show-toplevel [1ms]
2024-03-08 21:58:16.366 [info] > git rev-parse --show-toplevel [1ms]
2024-03-08 21:58:16.371 [info] > git rev-parse --path-format=relative --show-toplevel [0ms]
2024-03-08 21:58:16.376 [info] > git rev-parse --show-toplevel [0ms]
2024-03-08 21:58:16.381 [info] > git rev-parse --path-format=relative --show-toplevel [0ms]
2024-03-08 21:58:16.386 [info] > git rev-parse --show-toplevel [0ms]
2024-03-08 21:58:16.391 [info] > git rev-parse --path-format=relative --show-toplevel [0ms]
2024-03-08 21:58:16.658 [info] > git rev-parse --show-toplevel [1ms]
2024-03-08 21:58:16.663 [info] > git rev-parse --path-format=relative --show-toplevel [1ms]
2024-03-08 21:59:05.047 [info] > git rev-parse --show-toplevel [3ms]
2024-03-08 21:59:05.060 [info] > git rev-parse --path-format=relative --show-toplevel [9ms]
2024-03-08 21:59:27.761 [info] > git rev-parse --show-toplevel [1ms]
2024-03-08 21:59:27.770 [info] > git rev-parse --path-format=relative --show-toplevel [2ms]
2024-03-08 21:59:33.538 [info] > git rev-parse --show-toplevel [1ms]
2024-03-08 21:59:33.544 [info] > git rev-parse --path-format=relative --show-toplevel [1ms]
2024-03-08 21:59:58.405 [info] > git rev-parse --show-toplevel [1ms]
2024-03-08 21:59:58.410 [info] > git rev-parse --path-format=relative --show-toplevel [1ms]
2024-03-08 22:01:01.730 [info] > git rev-parse --show-toplevel [1ms]
2024-03-08 22:01:01.736 [info] > git rev-parse --path-format=relative --show-toplevel [2ms]
2024-03-08 22:01:09.581 [info] > git rev-parse --show-toplevel [1ms]
2024-03-08 22:01:09.588 [info] > git rev-parse --path-format=relative --show-toplevel [1ms]
2024-03-08 22:02:08.066 [info] > git rev-parse --show-toplevel [0ms]
2024-03-08 22:02:08.074 [info] > git rev-parse --path-format=relative --show-toplevel [2ms]
2024-03-08 22:02:11.466 [info] > git rev-parse --show-toplevel [2ms]
2024-03-08 22:02:11.473 [info] > git rev-parse --path-format=relative --show-toplevel [2ms]
2024-03-08 22:04:02.832 [info] > git rev-parse --show-toplevel [1ms]
2024-03-08 22:04:02.839 [info] > git rev-parse --path-format=relative --show-toplevel [1ms]
2024-03-08 22:04:25.917 [info] > git rev-parse --show-toplevel [2ms]
2024-03-08 22:04:25.923 [info] > git rev-parse --path-format=relative --show-toplevel [2ms]
2024-03-08 22:04:47.495 [info] > git rev-parse --show-toplevel [1ms]
2024-03-08 22:04:47.499 [info] > git rev-parse --path-format=relative --show-toplevel [1ms]
2024-03-08 22:04:48.737 [info] > git rev-parse --show-toplevel [0ms]
2024-03-08 22:04:48.742 [info] > git rev-parse --path-format=relative --show-toplevel [1ms]
2024-03-08 22:05:00.786 [info] > git rev-parse --show-toplevel [1ms]
2024-03-08 22:05:00.791 [info] > git rev-parse --path-format=relative --show-toplevel [1ms]
