2024-03-08 21:23:23.069 [info] Extension host with pid 4464 started
2024-03-08 21:23:23.069 [info] Skipping acquiring lock for /home/florin/.config/Code - OSS/User/workspaceStorage/21eca529a25b9bdc9ffac0e1460d6113.
2024-03-08 21:23:23.082 [info] ExtensionService#_doActivateExtension vscode.git-base, startup: true, activationEvent: '*', root cause: vscode.git
2024-03-08 21:23:23.084 [info] ExtensionService#_doActivateExtension vscode.git, startup: true, activationEvent: '*'
2024-03-08 21:23:23.098 [info] ExtensionService#_doActivateExtension vscode.github, startup: true, activationEvent: '*'
2024-03-08 21:23:23.123 [info] Eager extensions activated
2024-03-08 21:23:23.141 [info] ExtensionService#_doActivateExtension vscode.debug-auto-launch, startup: false, activationEvent: 'onStartupFinished'
2024-03-08 21:23:23.142 [info] ExtensionService#_doActivateExtension vscode.merge-conflict, startup: false, activationEvent: 'onStartupFinished'
2024-03-08 21:23:23.146 [info] ExtensionService#_doActivateExtension Catppuccin.catppuccin-vsc, startup: false, activationEvent: 'onStartupFinished'
2024-03-08 21:23:23.148 [info] ExtensionService#_doActivateExtension Catppuccin.catppuccin-vsc-icons, startup: false, activationEvent: 'onStartupFinished'
2024-03-08 21:23:23.267 [info] ExtensionService#_doActivateExtension vscode.json-language-features, startup: false, activationEvent: 'onLanguage:jsonc'
2024-03-08 21:23:23.279 [info] ExtensionService#_doActivateExtension vscode.typescript-language-features, startup: false, activationEvent: 'onLanguage:jsonc'
2024-03-08 21:23:23.297 [info] ExtensionService#_doActivateExtension vscode.emmet, startup: false, activationEvent: 'onLanguage'
2024-03-08 21:28:45.192 [info] ExtensionService#_doActivateExtension LaurentTreguier.vscode-simple-icons, startup: false, activationEvent: '*'
2024-03-08 21:36:23.327 [info] ExtensionService#_doActivateExtension PKief.material-icon-theme, startup: false, activationEvent: 'onStartupFinished'
2024-03-08 21:41:11.799 [info] ExtensionService#_doActivateExtension sainnhe.gruvbox-material, startup: false, activationEvent: 'onStartupFinished'
2024-03-08 21:58:13.899 [info] Extension host terminating: renderer closed the MessagePort
2024-03-08 21:58:13.907 [info] Extension host with pid 4464 exiting with code 0
2024-03-08 21:58:14.877 [info] Extension host with pid 32518 started
2024-03-08 21:58:14.877 [info] Skipping acquiring lock for /home/florin/.config/Code - OSS/User/workspaceStorage/45f6b5270c1300c57725f891e352b8cf.
2024-03-08 21:58:14.941 [info] ExtensionService#_doActivateExtension vscode.git-base, startup: true, activationEvent: '*'
2024-03-08 21:58:14.959 [info] ExtensionService#_doActivateExtension vscode.github, startup: true, activationEvent: '*'
2024-03-08 21:58:14.964 [info] Eager extensions activated
2024-03-08 21:58:14.967 [info] ExtensionService#_doActivateExtension vscode.debug-auto-launch, startup: false, activationEvent: 'onStartupFinished'
2024-03-08 21:58:14.968 [info] ExtensionService#_doActivateExtension vscode.merge-conflict, startup: false, activationEvent: 'onStartupFinished'
2024-03-08 21:58:14.971 [info] ExtensionService#_doActivateExtension Catppuccin.catppuccin-vsc, startup: false, activationEvent: 'onStartupFinished'
2024-03-08 21:58:14.973 [info] ExtensionService#_doActivateExtension PKief.material-icon-theme, startup: false, activationEvent: 'onStartupFinished'
2024-03-08 21:58:14.976 [info] ExtensionService#_doActivateExtension sainnhe.gruvbox-material, startup: false, activationEvent: 'onStartupFinished'
2024-03-08 21:58:16.253 [info] ExtensionService#_doActivateExtension vscode.git, startup: false, activationEvent: 'api', root cause: vscode.github
2024-03-08 21:58:16.268 [info] ExtensionService#_doActivateExtension Catppuccin.catppuccin-vsc-icons, startup: false, activationEvent: 'onStartupFinished'
2024-03-08 21:58:16.320 [info] ExtensionService#_doActivateExtension LaurentTreguier.vscode-simple-icons, startup: false, activationEvent: '*'
2024-03-08 21:58:18.854 [info] ExtensionService#_doActivateExtension vscode.emmet, startup: false, activationEvent: 'onLanguage'
2024-03-08 21:59:04.983 [info] ExtensionService#_doActivateExtension vscode.json-language-features, startup: false, activationEvent: 'onLanguage:jsonc'
2024-03-08 21:59:04.997 [info] ExtensionService#_doActivateExtension vscode.typescript-language-features, startup: false, activationEvent: 'onLanguage:jsonc'
2024-03-08 22:05:45.715 [info] Extension host terminating: renderer closed the MessagePort
2024-03-08 22:05:45.724 [info] Extension host with pid 32518 exiting with code 0
