2024-03-08 21:23:22.805 [info] Started local extension host with pid 4464.
2024-03-08 21:23:25.406 [info] [perf] Render performance baseline is 24ms
2024-03-08 21:30:15.422 [error] Cancelled: Canceled
    at ie.B (vscode-file://vscode-app/usr/lib/code/out/vs/workbench/workbench.desktop.main.js:781:28456)
    at async ie.z (vscode-file://vscode-app/usr/lib/code/out/vs/workbench/workbench.desktop.main.js:781:25333)
    at async ne (vscode-file://vscode-app/usr/lib/code/out/vs/workbench/workbench.desktop.main.js:781:24336)
    at async ie.query (vscode-file://vscode-app/usr/lib/code/out/vs/workbench/workbench.desktop.main.js:781:24557)
    at async Y.queryGallery (vscode-file://vscode-app/usr/lib/code/out/vs/workbench/workbench.desktop.main.js:2941:12106)
    at async pe.Cc (vscode-file://vscode-app/usr/lib/code/out/vs/workbench/workbench.desktop.main.js:2877:22903)
    at async pe.mc (vscode-file://vscode-app/usr/lib/code/out/vs/workbench/workbench.desktop.main.js:2877:14515)
    at async vscode-file://vscode-app/usr/lib/code/out/vs/workbench/workbench.desktop.main.js:2877:12817
2024-03-08 21:30:17.013 [error] Cancelled: Canceled
    at ie.B (vscode-file://vscode-app/usr/lib/code/out/vs/workbench/workbench.desktop.main.js:781:28456)
    at async ie.z (vscode-file://vscode-app/usr/lib/code/out/vs/workbench/workbench.desktop.main.js:781:25333)
    at async ne (vscode-file://vscode-app/usr/lib/code/out/vs/workbench/workbench.desktop.main.js:781:24336)
    at async ie.query (vscode-file://vscode-app/usr/lib/code/out/vs/workbench/workbench.desktop.main.js:781:24557)
    at async Y.queryGallery (vscode-file://vscode-app/usr/lib/code/out/vs/workbench/workbench.desktop.main.js:2941:12106)
    at async pe.Cc (vscode-file://vscode-app/usr/lib/code/out/vs/workbench/workbench.desktop.main.js:2877:22903)
    at async pe.mc (vscode-file://vscode-app/usr/lib/code/out/vs/workbench/workbench.desktop.main.js:2877:14515)
    at async vscode-file://vscode-app/usr/lib/code/out/vs/workbench/workbench.desktop.main.js:2877:12817
2024-03-08 21:33:37.876 [error] Cancelled: Canceled
    at ie.B (vscode-file://vscode-app/usr/lib/code/out/vs/workbench/workbench.desktop.main.js:781:28456)
    at async ie.z (vscode-file://vscode-app/usr/lib/code/out/vs/workbench/workbench.desktop.main.js:781:25333)
    at async ne (vscode-file://vscode-app/usr/lib/code/out/vs/workbench/workbench.desktop.main.js:781:24336)
    at async ie.query (vscode-file://vscode-app/usr/lib/code/out/vs/workbench/workbench.desktop.main.js:781:24557)
    at async Y.queryGallery (vscode-file://vscode-app/usr/lib/code/out/vs/workbench/workbench.desktop.main.js:2941:12106)
    at async pe.Cc (vscode-file://vscode-app/usr/lib/code/out/vs/workbench/workbench.desktop.main.js:2877:22903)
    at async pe.mc (vscode-file://vscode-app/usr/lib/code/out/vs/workbench/workbench.desktop.main.js:2877:14515)
    at async vscode-file://vscode-app/usr/lib/code/out/vs/workbench/workbench.desktop.main.js:2877:12817
2024-03-08 21:37:26.134 [error] Cancelled: Canceled
    at ie.B (vscode-file://vscode-app/usr/lib/code/out/vs/workbench/workbench.desktop.main.js:781:28456)
    at async ie.z (vscode-file://vscode-app/usr/lib/code/out/vs/workbench/workbench.desktop.main.js:781:25333)
    at async ne (vscode-file://vscode-app/usr/lib/code/out/vs/workbench/workbench.desktop.main.js:781:24336)
    at async ie.query (vscode-file://vscode-app/usr/lib/code/out/vs/workbench/workbench.desktop.main.js:781:24557)
    at async Y.queryGallery (vscode-file://vscode-app/usr/lib/code/out/vs/workbench/workbench.desktop.main.js:2941:12106)
    at async pe.Cc (vscode-file://vscode-app/usr/lib/code/out/vs/workbench/workbench.desktop.main.js:2877:22903)
    at async pe.mc (vscode-file://vscode-app/usr/lib/code/out/vs/workbench/workbench.desktop.main.js:2877:14515)
    at async vscode-file://vscode-app/usr/lib/code/out/vs/workbench/workbench.desktop.main.js:2877:12817
2024-03-08 21:42:49.906 [error] Cancelled: Canceled
    at ie.B (vscode-file://vscode-app/usr/lib/code/out/vs/workbench/workbench.desktop.main.js:781:28456)
    at async ie.z (vscode-file://vscode-app/usr/lib/code/out/vs/workbench/workbench.desktop.main.js:781:25333)
    at async ne (vscode-file://vscode-app/usr/lib/code/out/vs/workbench/workbench.desktop.main.js:781:24336)
    at async ie.query (vscode-file://vscode-app/usr/lib/code/out/vs/workbench/workbench.desktop.main.js:781:24557)
    at async Y.queryGallery (vscode-file://vscode-app/usr/lib/code/out/vs/workbench/workbench.desktop.main.js:2941:12106)
    at async pe.Cc (vscode-file://vscode-app/usr/lib/code/out/vs/workbench/workbench.desktop.main.js:2877:22903)
    at async pe.mc (vscode-file://vscode-app/usr/lib/code/out/vs/workbench/workbench.desktop.main.js:2877:14515)
    at async vscode-file://vscode-app/usr/lib/code/out/vs/workbench/workbench.desktop.main.js:2877:12817
2024-03-08 21:43:58.091 [error] Cancelled: Canceled
    at ie.B (vscode-file://vscode-app/usr/lib/code/out/vs/workbench/workbench.desktop.main.js:781:28456)
    at async ie.z (vscode-file://vscode-app/usr/lib/code/out/vs/workbench/workbench.desktop.main.js:781:25333)
    at async ne (vscode-file://vscode-app/usr/lib/code/out/vs/workbench/workbench.desktop.main.js:781:24336)
    at async ie.query (vscode-file://vscode-app/usr/lib/code/out/vs/workbench/workbench.desktop.main.js:781:24557)
    at async Y.queryGallery (vscode-file://vscode-app/usr/lib/code/out/vs/workbench/workbench.desktop.main.js:2941:12106)
    at async pe.Cc (vscode-file://vscode-app/usr/lib/code/out/vs/workbench/workbench.desktop.main.js:2877:22903)
    at async pe.mc (vscode-file://vscode-app/usr/lib/code/out/vs/workbench/workbench.desktop.main.js:2877:14515)
    at async vscode-file://vscode-app/usr/lib/code/out/vs/workbench/workbench.desktop.main.js:2877:12817
2024-03-08 21:45:23.542 [error] Cancelled: Canceled
    at ie.B (vscode-file://vscode-app/usr/lib/code/out/vs/workbench/workbench.desktop.main.js:781:28456)
    at async ie.z (vscode-file://vscode-app/usr/lib/code/out/vs/workbench/workbench.desktop.main.js:781:25333)
    at async ne (vscode-file://vscode-app/usr/lib/code/out/vs/workbench/workbench.desktop.main.js:781:24336)
    at async ie.query (vscode-file://vscode-app/usr/lib/code/out/vs/workbench/workbench.desktop.main.js:781:24557)
    at async Y.queryGallery (vscode-file://vscode-app/usr/lib/code/out/vs/workbench/workbench.desktop.main.js:2941:12106)
    at async pe.Cc (vscode-file://vscode-app/usr/lib/code/out/vs/workbench/workbench.desktop.main.js:2877:22903)
    at async pe.mc (vscode-file://vscode-app/usr/lib/code/out/vs/workbench/workbench.desktop.main.js:2877:14515)
    at async vscode-file://vscode-app/usr/lib/code/out/vs/workbench/workbench.desktop.main.js:2877:12817
2024-03-08 21:53:21.418 [error] Cancelled: Canceled
    at ie.B (vscode-file://vscode-app/usr/lib/code/out/vs/workbench/workbench.desktop.main.js:781:28456)
    at async ie.z (vscode-file://vscode-app/usr/lib/code/out/vs/workbench/workbench.desktop.main.js:781:25333)
    at async ne (vscode-file://vscode-app/usr/lib/code/out/vs/workbench/workbench.desktop.main.js:781:24336)
    at async ie.query (vscode-file://vscode-app/usr/lib/code/out/vs/workbench/workbench.desktop.main.js:781:24557)
    at async Y.queryGallery (vscode-file://vscode-app/usr/lib/code/out/vs/workbench/workbench.desktop.main.js:2941:12106)
    at async pe.Cc (vscode-file://vscode-app/usr/lib/code/out/vs/workbench/workbench.desktop.main.js:2877:22903)
    at async pe.mc (vscode-file://vscode-app/usr/lib/code/out/vs/workbench/workbench.desktop.main.js:2877:14515)
    at async vscode-file://vscode-app/usr/lib/code/out/vs/workbench/workbench.desktop.main.js:2877:12817
2024-03-08 21:53:45.140 [error] Cancelled: Canceled
    at ie.B (vscode-file://vscode-app/usr/lib/code/out/vs/workbench/workbench.desktop.main.js:781:28456)
    at async ie.z (vscode-file://vscode-app/usr/lib/code/out/vs/workbench/workbench.desktop.main.js:781:25333)
    at async ne (vscode-file://vscode-app/usr/lib/code/out/vs/workbench/workbench.desktop.main.js:781:24336)
    at async ie.query (vscode-file://vscode-app/usr/lib/code/out/vs/workbench/workbench.desktop.main.js:781:24557)
    at async Y.queryGallery (vscode-file://vscode-app/usr/lib/code/out/vs/workbench/workbench.desktop.main.js:2941:12106)
    at async pe.Cc (vscode-file://vscode-app/usr/lib/code/out/vs/workbench/workbench.desktop.main.js:2877:22903)
    at async pe.mc (vscode-file://vscode-app/usr/lib/code/out/vs/workbench/workbench.desktop.main.js:2877:14515)
    at async vscode-file://vscode-app/usr/lib/code/out/vs/workbench/workbench.desktop.main.js:2877:12817
2024-03-08 21:55:22.005 [error] Cancelled: Canceled
    at ie.B (vscode-file://vscode-app/usr/lib/code/out/vs/workbench/workbench.desktop.main.js:781:28456)
    at async ie.z (vscode-file://vscode-app/usr/lib/code/out/vs/workbench/workbench.desktop.main.js:781:25333)
    at async ne (vscode-file://vscode-app/usr/lib/code/out/vs/workbench/workbench.desktop.main.js:781:24336)
    at async ie.query (vscode-file://vscode-app/usr/lib/code/out/vs/workbench/workbench.desktop.main.js:781:24557)
    at async Y.queryGallery (vscode-file://vscode-app/usr/lib/code/out/vs/workbench/workbench.desktop.main.js:2941:12106)
    at async pe.Cc (vscode-file://vscode-app/usr/lib/code/out/vs/workbench/workbench.desktop.main.js:2877:22903)
    at async pe.mc (vscode-file://vscode-app/usr/lib/code/out/vs/workbench/workbench.desktop.main.js:2877:14515)
    at async vscode-file://vscode-app/usr/lib/code/out/vs/workbench/workbench.desktop.main.js:2877:12817
2024-03-08 21:58:14.596 [info] Started local extension host with pid 32518.
2024-03-08 21:58:17.555 [info] [perf] Render performance baseline is 24ms
2024-03-08 22:02:21.018 [error] Cancelled: Canceled
    at ie.B (vscode-file://vscode-app/usr/lib/code/out/vs/workbench/workbench.desktop.main.js:781:28456)
    at async ie.z (vscode-file://vscode-app/usr/lib/code/out/vs/workbench/workbench.desktop.main.js:781:25333)
    at async ne (vscode-file://vscode-app/usr/lib/code/out/vs/workbench/workbench.desktop.main.js:781:24336)
    at async ie.query (vscode-file://vscode-app/usr/lib/code/out/vs/workbench/workbench.desktop.main.js:781:24557)
    at async Y.queryGallery (vscode-file://vscode-app/usr/lib/code/out/vs/workbench/workbench.desktop.main.js:2941:12106)
    at async pe.Cc (vscode-file://vscode-app/usr/lib/code/out/vs/workbench/workbench.desktop.main.js:2877:22903)
    at async pe.mc (vscode-file://vscode-app/usr/lib/code/out/vs/workbench/workbench.desktop.main.js:2877:14515)
    at async vscode-file://vscode-app/usr/lib/code/out/vs/workbench/workbench.desktop.main.js:2877:12817
2024-03-08 22:02:36.369 [error] Cancelled: Canceled
    at ie.B (vscode-file://vscode-app/usr/lib/code/out/vs/workbench/workbench.desktop.main.js:781:28456)
    at async ie.z (vscode-file://vscode-app/usr/lib/code/out/vs/workbench/workbench.desktop.main.js:781:25333)
    at async ne (vscode-file://vscode-app/usr/lib/code/out/vs/workbench/workbench.desktop.main.js:781:24336)
    at async ie.query (vscode-file://vscode-app/usr/lib/code/out/vs/workbench/workbench.desktop.main.js:781:24557)
    at async Y.queryGallery (vscode-file://vscode-app/usr/lib/code/out/vs/workbench/workbench.desktop.main.js:2941:12106)
    at async pe.Cc (vscode-file://vscode-app/usr/lib/code/out/vs/workbench/workbench.desktop.main.js:2877:22903)
    at async pe.mc (vscode-file://vscode-app/usr/lib/code/out/vs/workbench/workbench.desktop.main.js:2877:14515)
    at async vscode-file://vscode-app/usr/lib/code/out/vs/workbench/workbench.desktop.main.js:2877:12817
2024-03-08 22:04:38.031 [error] Cancelled: Canceled
    at ie.B (vscode-file://vscode-app/usr/lib/code/out/vs/workbench/workbench.desktop.main.js:781:28456)
    at async ie.z (vscode-file://vscode-app/usr/lib/code/out/vs/workbench/workbench.desktop.main.js:781:25333)
    at async ne (vscode-file://vscode-app/usr/lib/code/out/vs/workbench/workbench.desktop.main.js:781:24336)
    at async ie.query (vscode-file://vscode-app/usr/lib/code/out/vs/workbench/workbench.desktop.main.js:781:24557)
    at async Y.queryGallery (vscode-file://vscode-app/usr/lib/code/out/vs/workbench/workbench.desktop.main.js:2941:12106)
    at async pe.Cc (vscode-file://vscode-app/usr/lib/code/out/vs/workbench/workbench.desktop.main.js:2877:22903)
    at async pe.mc (vscode-file://vscode-app/usr/lib/code/out/vs/workbench/workbench.desktop.main.js:2877:14515)
    at async vscode-file://vscode-app/usr/lib/code/out/vs/workbench/workbench.desktop.main.js:2877:12817
