2024-03-08 21:23:22.725 [info] Added views:workbench.panel.markers.view in workbench.panel.markers
2024-03-08 21:23:22.725 [info] Added views:workbench.panel.output in workbench.panel.output
2024-03-08 21:23:22.725 [info] Added views:terminal in terminal
2024-03-08 21:23:22.725 [info] Added views:outline in workbench.view.explorer
2024-03-08 21:23:22.725 [info] Added views:workbench.scm in workbench.view.scm
2024-03-08 21:23:22.725 [info] Added views:workbench.view.search in workbench.view.search
2024-03-08 21:23:22.725 [info] Added views:timeline in workbench.view.explorer
2024-03-08 21:23:22.725 [info] Added views:workbench.explorer.fileView in workbench.view.explorer
2024-03-08 21:23:22.991 [info] Added views:workbench.debug.welcome in workbench.view.debug
2024-03-08 21:23:23.080 [info] Added views:workbench.panel.repl.view in workbench.panel.repl
2024-03-08 21:23:23.183 [info] Added views:~remote.forwardedPorts in ~remote.forwardedPortsContainer
2024-03-08 21:27:33.962 [info] Added views:workbench.views.extensions.installed,workbench.views.extensions.popular,extensions.recommendedList in workbench.view.extensions
2024-03-08 21:27:33.966 [info] Removed views:workbench.views.extensions.popular from workbench.view.extensions
2024-03-08 21:28:07.301 [info] Removed views:extensions.recommendedList,workbench.views.extensions.installed from workbench.view.extensions
2024-03-08 21:28:07.310 [info] Added views:workbench.views.extensions.marketplace in workbench.view.extensions
2024-03-08 21:30:12.092 [info] Removed views:workbench.views.extensions.marketplace from workbench.view.extensions
2024-03-08 21:30:12.102 [info] Added views:workbench.views.extensions.installed,extensions.recommendedList in workbench.view.extensions
2024-03-08 21:30:15.212 [info] Removed views:extensions.recommendedList,workbench.views.extensions.installed from workbench.view.extensions
2024-03-08 21:30:15.216 [info] Added views:workbench.views.extensions.marketplace in workbench.view.extensions
2024-03-08 21:30:15.416 [info] Removed views:workbench.views.extensions.marketplace from workbench.view.extensions
2024-03-08 21:30:15.421 [info] Added views:workbench.views.extensions.installed,extensions.recommendedList in workbench.view.extensions
2024-03-08 21:30:16.636 [info] Removed views:extensions.recommendedList,workbench.views.extensions.installed from workbench.view.extensions
2024-03-08 21:30:16.639 [info] Added views:workbench.views.extensions.marketplace in workbench.view.extensions
2024-03-08 21:30:17.008 [info] Removed views:workbench.views.extensions.marketplace from workbench.view.extensions
2024-03-08 21:30:17.012 [info] Added views:workbench.views.extensions.installed,extensions.recommendedList in workbench.view.extensions
2024-03-08 21:30:19.257 [info] Removed views:extensions.recommendedList,workbench.views.extensions.installed from workbench.view.extensions
2024-03-08 21:30:19.261 [info] Added views:workbench.views.extensions.marketplace in workbench.view.extensions
2024-03-08 21:30:48.025 [info] Removed views:workbench.views.extensions.marketplace from workbench.view.extensions
2024-03-08 21:30:48.033 [info] Added views:workbench.views.extensions.installed,extensions.recommendedList in workbench.view.extensions
2024-03-08 21:30:49.780 [info] Removed views:extensions.recommendedList,workbench.views.extensions.installed from workbench.view.extensions
2024-03-08 21:30:49.784 [info] Added views:workbench.views.extensions.marketplace in workbench.view.extensions
2024-03-08 21:33:37.869 [info] Removed views:workbench.views.extensions.marketplace from workbench.view.extensions
2024-03-08 21:33:37.875 [info] Added views:workbench.views.extensions.installed,extensions.recommendedList in workbench.view.extensions
2024-03-08 21:33:39.388 [info] Removed views:extensions.recommendedList,workbench.views.extensions.installed from workbench.view.extensions
2024-03-08 21:33:39.394 [info] Added views:workbench.views.extensions.marketplace in workbench.view.extensions
2024-03-08 21:34:02.497 [info] Removed views:workbench.views.extensions.marketplace from workbench.view.extensions
2024-03-08 21:34:02.504 [info] Added views:workbench.views.extensions.installed,extensions.recommendedList in workbench.view.extensions
2024-03-08 21:34:05.744 [info] Removed views:extensions.recommendedList,workbench.views.extensions.installed from workbench.view.extensions
2024-03-08 21:34:05.778 [info] Added views:workbench.views.extensions.marketplace in workbench.view.extensions
2024-03-08 21:34:09.508 [info] Removed views:workbench.views.extensions.marketplace from workbench.view.extensions
2024-03-08 21:34:09.514 [info] Added views:workbench.views.extensions.installed,extensions.recommendedList in workbench.view.extensions
2024-03-08 21:34:31.887 [info] Removed views:extensions.recommendedList,workbench.views.extensions.installed from workbench.view.extensions
2024-03-08 21:34:31.890 [info] Added views:workbench.views.extensions.marketplace in workbench.view.extensions
2024-03-08 21:36:11.767 [info] Removed views:workbench.views.extensions.marketplace from workbench.view.extensions
2024-03-08 21:36:11.774 [info] Added views:workbench.views.extensions.installed,extensions.recommendedList in workbench.view.extensions
2024-03-08 21:36:14.452 [info] Removed views:extensions.recommendedList,workbench.views.extensions.installed from workbench.view.extensions
2024-03-08 21:36:14.459 [info] Added views:workbench.views.extensions.marketplace in workbench.view.extensions
2024-03-08 21:37:26.127 [info] Removed views:workbench.views.extensions.marketplace from workbench.view.extensions
2024-03-08 21:37:26.133 [info] Added views:workbench.views.extensions.installed,extensions.recommendedList in workbench.view.extensions
2024-03-08 21:37:27.132 [info] Removed views:extensions.recommendedList,workbench.views.extensions.installed from workbench.view.extensions
2024-03-08 21:37:27.136 [info] Added views:workbench.views.extensions.marketplace in workbench.view.extensions
2024-03-08 21:41:03.917 [info] Removed views:workbench.views.extensions.marketplace from workbench.view.extensions
2024-03-08 21:41:03.922 [info] Added views:workbench.views.extensions.installed,extensions.recommendedList in workbench.view.extensions
2024-03-08 21:41:04.739 [info] Removed views:extensions.recommendedList,workbench.views.extensions.installed from workbench.view.extensions
2024-03-08 21:41:04.746 [info] Added views:workbench.views.extensions.marketplace in workbench.view.extensions
2024-03-08 21:42:49.899 [info] Removed views:workbench.views.extensions.marketplace from workbench.view.extensions
2024-03-08 21:42:49.905 [info] Added views:workbench.views.extensions.installed,extensions.recommendedList in workbench.view.extensions
2024-03-08 21:42:51.039 [info] Removed views:extensions.recommendedList,workbench.views.extensions.installed from workbench.view.extensions
2024-03-08 21:42:51.042 [info] Added views:workbench.views.extensions.marketplace in workbench.view.extensions
2024-03-08 21:43:58.084 [info] Removed views:workbench.views.extensions.marketplace from workbench.view.extensions
2024-03-08 21:43:58.091 [info] Added views:workbench.views.extensions.installed,extensions.recommendedList in workbench.view.extensions
2024-03-08 21:44:30.662 [info] Removed views:extensions.recommendedList,workbench.views.extensions.installed from workbench.view.extensions
2024-03-08 21:44:30.668 [info] Added views:workbench.views.extensions.marketplace in workbench.view.extensions
2024-03-08 21:45:19.167 [info] Removed views:workbench.views.extensions.marketplace from workbench.view.extensions
2024-03-08 21:45:19.173 [info] Added views:workbench.views.extensions.installed,extensions.recommendedList in workbench.view.extensions
2024-03-08 21:45:20.430 [info] Removed views:extensions.recommendedList,workbench.views.extensions.installed from workbench.view.extensions
2024-03-08 21:45:20.433 [info] Added views:workbench.views.extensions.marketplace in workbench.view.extensions
2024-03-08 21:45:23.536 [info] Removed views:workbench.views.extensions.marketplace from workbench.view.extensions
2024-03-08 21:45:23.541 [info] Added views:workbench.views.extensions.installed,extensions.recommendedList in workbench.view.extensions
2024-03-08 21:45:24.666 [info] Removed views:extensions.recommendedList,workbench.views.extensions.installed from workbench.view.extensions
2024-03-08 21:45:24.669 [info] Added views:workbench.views.extensions.marketplace in workbench.view.extensions
2024-03-08 21:46:17.178 [info] Removed views:workbench.views.extensions.marketplace from workbench.view.extensions
2024-03-08 21:46:17.184 [info] Added views:workbench.views.extensions.installed,extensions.recommendedList in workbench.view.extensions
2024-03-08 21:46:19.427 [info] Removed views:extensions.recommendedList,workbench.views.extensions.installed from workbench.view.extensions
2024-03-08 21:46:19.430 [info] Added views:workbench.views.extensions.marketplace in workbench.view.extensions
2024-03-08 21:52:01.059 [info] Removed views:workbench.views.extensions.marketplace from workbench.view.extensions
2024-03-08 21:52:01.064 [info] Added views:workbench.views.extensions.installed,extensions.recommendedList in workbench.view.extensions
2024-03-08 21:52:30.322 [info] Removed views:extensions.recommendedList,workbench.views.extensions.installed from workbench.view.extensions
2024-03-08 21:52:30.326 [info] Added views:workbench.views.extensions.marketplace in workbench.view.extensions
2024-03-08 21:53:18.186 [info] Removed views:workbench.views.extensions.marketplace from workbench.view.extensions
2024-03-08 21:53:18.192 [info] Added views:workbench.views.extensions.installed,extensions.recommendedList in workbench.view.extensions
2024-03-08 21:53:20.058 [info] Removed views:extensions.recommendedList,workbench.views.extensions.installed from workbench.view.extensions
2024-03-08 21:53:20.062 [info] Added views:workbench.views.extensions.marketplace in workbench.view.extensions
2024-03-08 21:53:45.133 [info] Removed views:workbench.views.extensions.marketplace from workbench.view.extensions
2024-03-08 21:53:45.139 [info] Added views:workbench.views.extensions.installed,extensions.recommendedList in workbench.view.extensions
2024-03-08 21:53:48.011 [info] Removed views:extensions.recommendedList,workbench.views.extensions.installed from workbench.view.extensions
2024-03-08 21:53:48.014 [info] Added views:workbench.views.extensions.marketplace in workbench.view.extensions
2024-03-08 21:53:54.076 [info] Removed views:workbench.views.extensions.marketplace from workbench.view.extensions
2024-03-08 21:53:54.084 [info] Added views:workbench.views.extensions.installed,extensions.recommendedList in workbench.view.extensions
2024-03-08 21:53:55.980 [info] Removed views:extensions.recommendedList,workbench.views.extensions.installed from workbench.view.extensions
2024-03-08 21:53:55.983 [info] Added views:workbench.views.extensions.marketplace in workbench.view.extensions
2024-03-08 21:55:21.998 [info] Removed views:workbench.views.extensions.marketplace from workbench.view.extensions
2024-03-08 21:55:22.004 [info] Added views:workbench.views.extensions.installed,extensions.recommendedList in workbench.view.extensions
2024-03-08 21:55:24.007 [info] Removed views:extensions.recommendedList,workbench.views.extensions.installed from workbench.view.extensions
2024-03-08 21:55:24.013 [info] Added views:workbench.views.extensions.marketplace in workbench.view.extensions
2024-03-08 21:58:14.542 [info] Added views:workbench.panel.markers.view in workbench.panel.markers
2024-03-08 21:58:14.542 [info] Added views:workbench.panel.output in workbench.panel.output
2024-03-08 21:58:14.542 [info] Added views:terminal in terminal
2024-03-08 21:58:14.542 [info] Added views:outline in workbench.view.explorer
2024-03-08 21:58:14.542 [info] Added views:workbench.scm in workbench.view.scm
2024-03-08 21:58:14.542 [info] Added views:workbench.view.search in workbench.view.search
2024-03-08 21:58:14.542 [info] Added views:timeline in workbench.view.explorer
2024-03-08 21:58:14.542 [info] Added views:workbench.explorer.fileView in workbench.view.explorer
2024-03-08 21:58:14.739 [info] Added views:workbench.debug.variablesView,workbench.debug.watchExpressionsView,workbench.debug.callStackView,workbench.debug.breakPointsView in workbench.view.debug
2024-03-08 21:58:14.791 [info] Added views:~remote.forwardedPorts in ~remote.forwardedPortsContainer
2024-03-08 21:58:14.937 [info] Added views:workbench.panel.repl.view in workbench.panel.repl
2024-03-08 21:58:14.940 [info] Removed views:workbench.debug.breakPointsView,workbench.debug.callStackView,workbench.debug.watchExpressionsView,workbench.debug.variablesView from workbench.view.debug
2024-03-08 21:58:14.940 [info] Added views:workbench.debug.welcome in workbench.view.debug
2024-03-08 21:58:18.818 [info] Added views:workbench.views.extensions.installed,workbench.views.extensions.popular,extensions.recommendedList in workbench.view.extensions
2024-03-08 21:58:18.819 [info] Removed views:workbench.views.extensions.popular from workbench.view.extensions
2024-03-08 21:58:21.232 [info] Removed views:extensions.recommendedList,workbench.views.extensions.installed from workbench.view.extensions
2024-03-08 21:58:21.236 [info] Added views:workbench.views.extensions.marketplace in workbench.view.extensions
2024-03-08 21:58:54.060 [info] Removed views:workbench.views.extensions.marketplace from workbench.view.extensions
2024-03-08 21:58:54.066 [info] Added views:workbench.views.extensions.installed,extensions.recommendedList in workbench.view.extensions
2024-03-08 21:58:55.507 [info] Removed views:extensions.recommendedList,workbench.views.extensions.installed from workbench.view.extensions
2024-03-08 21:58:55.511 [info] Added views:workbench.views.extensions.marketplace in workbench.view.extensions
2024-03-08 22:02:21.011 [info] Removed views:workbench.views.extensions.marketplace from workbench.view.extensions
2024-03-08 22:02:21.017 [info] Added views:workbench.views.extensions.installed,extensions.recommendedList in workbench.view.extensions
2024-03-08 22:02:22.285 [info] Removed views:extensions.recommendedList,workbench.views.extensions.installed from workbench.view.extensions
2024-03-08 22:02:22.290 [info] Added views:workbench.views.extensions.marketplace in workbench.view.extensions
2024-03-08 22:02:36.363 [info] Removed views:workbench.views.extensions.marketplace from workbench.view.extensions
2024-03-08 22:02:36.369 [info] Added views:workbench.views.extensions.installed,extensions.recommendedList in workbench.view.extensions
2024-03-08 22:02:37.326 [info] Removed views:extensions.recommendedList,workbench.views.extensions.installed from workbench.view.extensions
2024-03-08 22:02:37.330 [info] Added views:workbench.views.extensions.marketplace in workbench.view.extensions
2024-03-08 22:04:38.024 [info] Removed views:workbench.views.extensions.marketplace from workbench.view.extensions
2024-03-08 22:04:38.031 [info] Added views:workbench.views.extensions.installed,extensions.recommendedList in workbench.view.extensions
2024-03-08 22:04:39.383 [info] Removed views:extensions.recommendedList,workbench.views.extensions.installed from workbench.view.extensions
2024-03-08 22:04:39.387 [info] Added views:workbench.views.extensions.marketplace in workbench.view.extensions
2024-03-08 22:04:50.248 [info] Removed views:workbench.views.extensions.marketplace from workbench.view.extensions
2024-03-08 22:04:50.255 [info] Added views:workbench.views.extensions.installed,extensions.recommendedList in workbench.view.extensions
2024-03-08 22:04:51.870 [info] Removed views:extensions.recommendedList,workbench.views.extensions.installed from workbench.view.extensions
2024-03-08 22:04:51.874 [info] Added views:workbench.views.extensions.marketplace in workbench.view.extensions
