2024-03-13 20:56:44.196 [info] Extension host with pid 95814 started
2024-03-13 20:56:44.242 [info] ExtensionService#_doActivateExtension vscode.emmet, startup: false, activationEvent: 'onLanguage'
2024-03-13 20:56:44.245 [info] Extension host with pid 95852 started
2024-03-13 20:56:44.258 [info] Eager extensions activated
2024-03-13 20:56:44.321 [info] ExtensionService#_doActivateExtension asvetliakov.vscode-neovim, startup: false, activationEvent: 'onStartupFinished'
2024-03-13 20:56:44.326 [info] ExtensionService#_doActivateExtension vscode.git-base, startup: true, activationEvent: '*', root cause: vscode.git
2024-03-13 20:56:44.327 [info] ExtensionService#_doActivateExtension LaurentTreguier.vscode-simple-icons, startup: true, activationEvent: '*'
2024-03-13 20:56:44.344 [info] ExtensionService#_doActivateExtension vscode.git, startup: true, activationEvent: '*'
2024-03-13 20:56:44.359 [info] ExtensionService#_doActivateExtension vscode.github, startup: true, activationEvent: '*'
2024-03-13 20:56:44.382 [info] Eager extensions activated
2024-03-13 20:56:44.407 [info] ExtensionService#_doActivateExtension vscode.debug-auto-launch, startup: false, activationEvent: 'onStartupFinished'
2024-03-13 20:56:44.408 [info] ExtensionService#_doActivateExtension vscode.merge-conflict, startup: false, activationEvent: 'onStartupFinished'
2024-03-13 20:56:44.412 [info] ExtensionService#_doActivateExtension Catppuccin.catppuccin-vsc, startup: false, activationEvent: 'onStartupFinished'
2024-03-13 20:56:44.415 [info] ExtensionService#_doActivateExtension Catppuccin.catppuccin-vsc-icons, startup: false, activationEvent: 'onStartupFinished'
2024-03-13 20:56:44.444 [info] Extension host terminating: renderer closed the MessagePort
2024-03-13 20:56:44.450 [info] Extension host with pid 95852 exiting with code 0
2024-03-13 20:56:44.480 [info] ExtensionService#_doActivateExtension PKief.material-icon-theme, startup: false, activationEvent: 'onStartupFinished'
2024-03-13 20:56:44.486 [info] ExtensionService#_doActivateExtension sainnhe.gruvbox-material, startup: false, activationEvent: 'onStartupFinished'
2024-03-13 20:56:44.506 [info] Extension host terminating: renderer closed the MessagePort
2024-03-13 20:56:44.511 [info] Extension host with pid 95814 exiting with code 0
