2024-03-09 08:29:01.351 [info] Log level: Info
2024-03-09 08:29:01.351 [info] Validating found git in: "git"
2024-03-09 08:29:01.351 [info] Using git "2.44.0" from "git"
2024-03-09 08:29:01.351 [info] > git rev-parse --show-toplevel [2ms]
2024-03-09 08:29:01.351 [info] > git rev-parse --path-format=relative --show-toplevel [1ms]
2024-03-09 08:29:01.356 [info] > git rev-parse --git-dir --git-common-dir [1ms]
2024-03-09 08:29:01.356 [info] fatal: not a git repository (or any of the parent directories): .git
2024-03-09 08:29:01.364 [info] > git rev-parse --show-toplevel [1ms]
2024-03-09 08:29:01.443 [info] > git rev-parse --path-format=relative --show-toplevel [76ms]
2024-03-09 08:29:01.456 [info] > git rev-parse --git-dir --git-common-dir [2ms]
2024-03-09 08:29:01.456 [info] fatal: not a git repository (or any of the parent directories): .git
2024-03-09 08:29:01.460 [info] > git rev-parse --show-toplevel [1ms]
2024-03-09 08:29:01.464 [info] > git rev-parse --path-format=relative --show-toplevel [1ms]
2024-03-09 08:29:01.468 [info] > git rev-parse --git-dir --git-common-dir [1ms]
2024-03-09 08:29:01.468 [info] fatal: not a git repository (or any of the parent directories): .git
2024-03-09 08:29:01.473 [info] > git rev-parse --show-toplevel [0ms]
2024-03-09 08:29:01.477 [info] > git rev-parse --path-format=relative --show-toplevel [1ms]
2024-03-09 08:29:01.482 [info] > git rev-parse --git-dir --git-common-dir [1ms]
2024-03-09 08:29:01.482 [info] fatal: not a git repository (or any of the parent directories): .git
2024-03-09 08:29:01.486 [info] > git rev-parse --show-toplevel [0ms]
2024-03-09 08:29:01.491 [info] > git rev-parse --path-format=relative --show-toplevel [1ms]
2024-03-09 08:29:01.496 [info] > git rev-parse --git-dir --git-common-dir [1ms]
2024-03-09 08:29:01.496 [info] fatal: not a git repository (or any of the parent directories): .git
2024-03-09 08:29:01.541 [info] > git rev-parse --show-toplevel [1ms]
2024-03-09 08:29:01.546 [info] > git rev-parse --path-format=relative --show-toplevel [1ms]
2024-03-09 08:29:01.551 [info] > git rev-parse --git-dir --git-common-dir [1ms]
2024-03-09 08:29:01.551 [info] fatal: not a git repository (or any of the parent directories): .git
